2017-04-27 13:04:55.413  INFO 5848 --- [main] k.c.k.marketdata.MarketDataApplication   : Starting MarketDataApplication on 교육실-PC with PID 5848 (C:\eclipse\workspace\market-data\target\classes started by 교육실 in C:\eclipse\workspace\market-data)
2017-04-27 13:04:55.416  INFO 5848 --- [main] k.c.k.marketdata.MarketDataApplication   : No active profile set, falling back to default profiles: default
2017-04-27 13:04:55.461  INFO 5848 --- [main] ationConfigEmbeddedWebApplicationContext : Refreshing org.springframework.boot.context.embedded.AnnotationConfigEmbeddedWebApplicationContext@c562f7: startup date [Thu Apr 27 13:04:55 KST 2017]; root of context hierarchy
2017-04-27 13:04:56.417  INFO 5848 --- [main] s.b.c.e.t.TomcatEmbeddedServletContainer : Tomcat initialized with port(s): 9000 (http)
2017-04-27 13:04:56.427  INFO 5848 --- [main] o.apache.catalina.core.StandardService   : Starting service Tomcat
2017-04-27 13:04:56.427  INFO 5848 --- [main] org.apache.catalina.core.StandardEngine  : Starting Servlet Engine: Apache Tomcat/8.5.11
2017-04-27 13:04:56.606  INFO 5848 --- [localhost-startStop-1] org.apache.jasper.servlet.TldScanner     : At least one JAR was scanned for TLDs yet contained no TLDs. Enable debug logging for this logger for a complete list of JARs that were scanned but no TLDs were found in them. Skipping unneeded JARs during scanning can improve startup time and JSP compilation time.
2017-04-27 13:04:56.610  INFO 5848 --- [localhost-startStop-1] o.a.c.c.C.[Tomcat].[localhost].[/]       : Initializing Spring embedded WebApplicationContext
2017-04-27 13:04:56.610  INFO 5848 --- [localhost-startStop-1] o.s.web.context.ContextLoader            : Root WebApplicationContext: initialization completed in 1152 ms
2017-04-27 13:04:56.776  INFO 5848 --- [localhost-startStop-1] o.s.b.w.servlet.ServletRegistrationBean  : Mapping servlet: 'dispatcherServlet' to [/]
2017-04-27 13:04:56.779  INFO 5848 --- [localhost-startStop-1] o.s.b.w.servlet.FilterRegistrationBean   : Mapping filter: 'characterEncodingFilter' to: [/*]
2017-04-27 13:04:56.779  INFO 5848 --- [localhost-startStop-1] o.s.b.w.servlet.FilterRegistrationBean   : Mapping filter: 'hiddenHttpMethodFilter' to: [/*]
2017-04-27 13:04:56.779  INFO 5848 --- [localhost-startStop-1] o.s.b.w.servlet.FilterRegistrationBean   : Mapping filter: 'httpPutFormContentFilter' to: [/*]
2017-04-27 13:04:56.779  INFO 5848 --- [localhost-startStop-1] o.s.b.w.servlet.FilterRegistrationBean   : Mapping filter: 'requestContextFilter' to: [/*]
2017-04-27 13:04:57.014  INFO 5848 --- [main] s.w.s.m.m.a.RequestMappingHandlerAdapter : Looking for @ControllerAdvice: org.springframework.boot.context.embedded.AnnotationConfigEmbeddedWebApplicationContext@c562f7: startup date [Thu Apr 27 13:04:55 KST 2017]; root of context hierarchy
2017-04-27 13:04:57.069  INFO 5848 --- [main] s.w.s.m.m.a.RequestMappingHandlerMapping : Mapped "{[/]}" onto public java.lang.String kr.co.koscom.marketdata.controller.indexController.index()
2017-04-27 13:04:57.072  INFO 5848 --- [main] s.w.s.m.m.a.RequestMappingHandlerMapping : Mapped "{[/error]}" onto public org.springframework.http.ResponseEntity<java.util.Map<java.lang.String, java.lang.Object>> org.springframework.boot.autoconfigure.web.BasicErrorController.error(javax.servlet.http.HttpServletRequest)
2017-04-27 13:04:57.072  INFO 5848 --- [main] s.w.s.m.m.a.RequestMappingHandlerMapping : Mapped "{[/error],produces=[text/html]}" onto public org.springframework.web.servlet.ModelAndView org.springframework.boot.autoconfigure.web.BasicErrorController.errorHtml(javax.servlet.http.HttpServletRequest,javax.servlet.http.HttpServletResponse)
2017-04-27 13:04:57.091  INFO 5848 --- [main] o.s.w.s.handler.SimpleUrlHandlerMapping  : Mapped URL path [/webjars/**] onto handler of type [class org.springframework.web.servlet.resource.ResourceHttpRequestHandler]
2017-04-27 13:04:57.091  INFO 5848 --- [main] o.s.w.s.handler.SimpleUrlHandlerMapping  : Mapped URL path [/**] onto handler of type [class org.springframework.web.servlet.resource.ResourceHttpRequestHandler]
2017-04-27 13:04:57.120  INFO 5848 --- [main] o.s.w.s.handler.SimpleUrlHandlerMapping  : Mapped URL path [/**/favicon.ico] onto handler of type [class org.springframework.web.servlet.resource.ResourceHttpRequestHandler]
2017-04-27 13:04:57.224  INFO 5848 --- [main] o.s.j.e.a.AnnotationMBeanExporter        : Registering beans for JMX exposure on startup
2017-04-27 13:04:57.289  INFO 5848 --- [main] s.b.c.e.t.TomcatEmbeddedServletContainer : Tomcat started on port(s): 9000 (http)
2017-04-27 13:04:57.292  INFO 5848 --- [main] k.c.k.marketdata.MarketDataApplication   : Started MarketDataApplication in 2.218 seconds (JVM running for 2.549)
